#
# A fatal error has been detected by the Java Runtime Environment:
#
#  EXCEPTION_ACCESS_VIOLATION (0xc0000005) at pc=0x00000000724b81b0, pid=16276, tid=0x0000000000004328
#
# JRE version: Java(TM) SE Runtime Environment (8.0_271-b09) (build 1.8.0_271-b09)
# Java VM: Java HotSpot(TM) 64-Bit Server VM (25.271-b09 mixed mode windows-amd64 compressed oops)
# Problematic frame:
# V  [jvm.dll+0xc81b0]
#
# Failed to write core dump. Minidumps are not enabled by default on client versions of Windows
#
# If you would like to submit a bug report, please visit:
#   http://bugreport.java.com/bugreport/crash.jsp
#

---------------  T H R E A D  ---------------

Current thread (0x000002295ccf9000):  GCTaskThread [stack: 0x000000f940400000,0x000000f940500000] [id=17192]

siginfo: ExceptionCode=0xc0000005, reading address 0x00000000000000e8

Registers:
RAX=0x0000000000000000, RBX=0x000000009a6694e4, RCX=0x0000000100000008, RDX=0x00000000f0dcbc88
RSP=0x000000f9404ffa38, RBP=0x0000000000000019, RSI=0x00000000f0dcbc88, RDI=0x00009a16000063dd
R8 =0x0000000100000008, R9 =0x0000000000000001, R10=0x0000000000000000, R11=0x000000009a6691e0
R12=0x000002295ccf9201, R13=0x0000000000000000, R14=0x0000022972d6bbc0, R15=0x000002295cceb400
RIP=0x00000000724b81b0, EFLAGS=0x0000000000010246

Top of Stack: (sp=0x000000f9404ffa38)
0x000000f9404ffa38:   00000000727d2f6a 0000000000000003
0x000000f9404ffa48:   000000009a6694d8 000000000000001d
0x000000f9404ffa58:   0000000072687f51 0000022972d6bbc0
0x000000f9404ffa68:   00000000727d45be 000000009a667b50
0x000000f9404ffa78:   0000000000000400 000002295cceb410
0x000000f9404ffa88:   0000000072a1bf00 00009a16000063dd
0x000000f9404ffa98:   00000000727d3bd9 000000009a6694e4
0x000000f9404ffaa8:   00000000ee740010 000000f9404ffb10
0x000000f9404ffab8:   0000022972d6bbc0 00009a16000063dd
0x000000f9404ffac8:   00000000998f1638 000000000000001d
0x000000f9404ffad8:   00009a15000063dd 00009a16000063dd
0x000000f9404ffae8:   0000de8500012a25 0000de8500012a26
0x000000f9404ffaf8:   0000eb370000d90a 000002295cceb410
0x000000f9404ffb08:   0000000072a1bf00 000002295cceb410
0x000000f9404ffb18:   0000000072a1bf00 000002295ccf92d0
0x000000f9404ffb28:   000002295ccf92c0 0000000000000006 

Instructions: (pc=0x00000000724b81b0)
0x00000000724b8190:   c0 48 d3 e2 49 8d 0c 11 49 f7 d1 48 03 c1 49 c1
0x00000000724b81a0:   e9 03 48 c1 e8 03 41 23 c1 c3 49 8b 00 49 8b c8
0x00000000724b81b0:   48 ff a0 e8 00 00 00 cc cc cc cc cc cc cc cc cc
0x00000000724b81c0:   44 8b 42 08 4c 8b ca 45 85 c0 7e 0e 41 f6 c0 01 


Register to memory mapping:

RAX=0x0000000000000000 is an unknown value
RBX=0x000000009a6694e4 is pointing into object: 0x000000009a6694d8
java.lang.String 
 - klass: 'java/lang/String'
RCX=0x0000000100000008 is pointing into metadata
RDX=0x00000000f0dcbc88 is an oop

[error occurred during error reporting (printing register info), id 0xc0000005]

Stack: [0x000000f940400000,0x000000f940500000],  sp=0x000000f9404ffa38,  free space=1022k
Native frames: (J=compiled Java code, j=interpreted, Vv=VM code, C=native code)
V  [jvm.dll+0xc81b0]


---------------  P R O C E S S  ---------------

Java Threads: ( => current thread )
  0x000002297978b000 JavaThread "com%002ezeta%002emodel%002e%0048istorico%0049tens.data" [_thread_blocked, id=13764, stack(0x000000f941a00000,0x000000f941b00000)]
  0x0000022976f6d800 JavaThread "com%002ezeta%002emodel%002e%0050roduto%002eoutras%0055nds.data" [_thread_blocked, id=9328, stack(0x000000f941900000,0x000000f941a00000)]
  0x0000022976e12000 JavaThread "Statistics Thread-__DEFAULT__-1" daemon [_thread_blocked, id=7080, stack(0x000000f941800000,0x000000f941900000)]
  0x0000022976c59000 JavaThread "com%002ezeta%002emodel%002e%0050roduto.data" [_thread_blocked, id=9472, stack(0x000000f941700000,0x000000f941800000)]
  0x0000022976d51800 JavaThread "__DEFAULT__" daemon [_thread_blocked, id=14940, stack(0x000000f941600000,0x000000f941700000)]
  0x0000022974f2b000 JavaThread "C3P0PooledConnectionPoolManager[identityToken->1hgeby9avsud3t0j2gpnv|6caf0677]-HelperThread-#2" daemon [_thread_blocked, id=18096, stack(0x000000f941500000,0x000000f941600000)]
  0x0000022974f2a800 JavaThread "C3P0PooledConnectionPoolManager[identityToken->1hgeby9avsud3t0j2gpnv|6caf0677]-HelperThread-#1" daemon [_thread_blocked, id=13384, stack(0x000000f941400000,0x000000f941500000)]
  0x0000022974f2d800 JavaThread "C3P0PooledConnectionPoolManager[identityToken->1hgeby9avsud3t0j2gpnv|6caf0677]-HelperThread-#0" daemon [_thread_blocked, id=11744, stack(0x000000f941300000,0x000000f941400000)]
  0x0000022974f28800 JavaThread "C3P0PooledConnectionPoolManager[identityToken->1hgeby9avsud3t0j2gpnv|6caf0677]-AdminTaskTimer" daemon [_thread_blocked, id=16908, stack(0x000000f941200000,0x000000f941300000)]
  0x00000229764f2800 JavaThread "mysql-cj-abandoned-connection-cleanup" daemon [_thread_blocked, id=16488, stack(0x000000f941100000,0x000000f941200000)]
  0x0000022974c90000 JavaThread "Service Thread" daemon [_thread_blocked, id=5468, stack(0x000000f940f00000,0x000000f941000000)]
  0x0000022972ddb000 JavaThread "C1 CompilerThread3" daemon [_thread_blocked, id=18404, stack(0x000000f940e00000,0x000000f940f00000)]
  0x0000022972dd2800 JavaThread "C2 CompilerThread2" daemon [_thread_blocked, id=11168, stack(0x000000f940d00000,0x000000f940e00000)]
  0x0000022972dce000 JavaThread "C2 CompilerThread1" daemon [_thread_blocked, id=2236, stack(0x000000f940c00000,0x000000f940d00000)]
  0x0000022972dcc000 JavaThread "C2 CompilerThread0" daemon [_thread_blocked, id=15440, stack(0x000000f940b00000,0x000000f940c00000)]
  0x0000022972dca800 JavaThread "Attach Listener" daemon [_thread_blocked, id=4788, stack(0x000000f940a00000,0x000000f940b00000)]
  0x0000022972dca000 JavaThread "Signal Dispatcher" daemon [_thread_blocked, id=3812, stack(0x000000f940900000,0x000000f940a00000)]
  0x0000022972d9e800 JavaThread "Finalizer" daemon [_thread_blocked, id=7408, stack(0x000000f940800000,0x000000f940900000)]
  0x0000022972d97800 JavaThread "Reference Handler" daemon [_thread_blocked, id=2720, stack(0x000000f940700000,0x000000f940800000)]
  0x000002295ccd6000 JavaThread "main" [_thread_blocked, id=12976, stack(0x000000f93fd00000,0x000000f93fe00000)]

Other Threads:
  0x0000022972d6e800 VMThread [stack: 0x000000f940600000,0x000000f940700000] [id=3384]
  0x0000022972e3d800 WatcherThread [stack: 0x000000f941000000,0x000000f941100000] [id=5168]

=>0x000002295ccf9000 (exited) GCTaskThread [stack: 0x000000f940400000,0x000000f940500000] [id=17192]

VM state:at safepoint (normal execution)

VM Mutex/Monitor currently owned by a thread:  ([mutex/lock_event])
[0x000002295ccd1b70] Threads_lock - owner thread: 0x0000022972d6e800
[0x000002295ccd4400] Heap_lock - owner thread: 0x000002295ccd6000

heap address: 0x0000000082e00000, size: 2002 MB, Compressed Oops mode: 32-bit
Narrow klass base: 0x0000000000000000, Narrow klass shift: 3
Compressed class space size: 1073741824 Address: 0x0000000100000000

Heap:
 PSYoungGen      total 530944K, used 530941K [0x00000000d6500000, 0x0000000100000000, 0x0000000100000000)
  eden space 390656K, 100% used [0x00000000d6500000,0x00000000ee280000,0x00000000ee280000)
  from space 140288K, 99% used [0x00000000ee280000,0x00000000f6b7f458,0x00000000f6b80000)
  to   space 152064K, 15% used [0x00000000f6b80000,0x00000000f82f7478,0x0000000100000000)
 ParOldGen       total 553472K, used 403198K [0x0000000082e00000, 0x00000000a4a80000, 0x00000000d6500000)
  object space 553472K, 72% used [0x0000000082e00000,0x000000009b7c1b50,0x00000000a4a80000)
 Metaspace       used 41505K, capacity 42034K, committed 42328K, reserved 1085440K
  class space    used 5352K, capacity 5461K, committed 5504K, reserved 1048576K

Card table byte_map: [0x000002296da00000,0x000002296ddf0000] byte_map_base: 0x000002296d5e9000

Marking Bits: (ParMarkBitMap*) 0x0000000072be7fe0
 Begin Bits: [0x000002296e090000, 0x000002296ffd8000)
 End Bits:   [0x000002296ffd8000, 0x0000022971f20000)

Polling page: 0x000002295e610000

CodeCache: size=245760Kb used=14751Kb max_used=15898Kb free=231008Kb
 bounds [0x000002295e640000, 0x000002295f5f0000, 0x000002296d640000]
 total_blobs=4954 nmethods=4353 adapters=511
 compilation: enabled

Compilation events (10 events):
Event: 12.083 Thread 0x0000022972dcc000 nmethod 4937 0x000002295eb1e550 code [0x000002295eb1e6a0, 0x000002295eb1eb98]
Event: 12.084 Thread 0x0000022972dce000 nmethod 4938 0x000002295e95da90 code [0x000002295e95dbe0, 0x000002295e95e0b8]
Event: 12.085 Thread 0x0000022972ddb000 4939       3       java.io.PrintStream::ensureOpen (18 bytes)
Event: 12.085 Thread 0x0000022972ddb000 nmethod 4939 0x000002295ee82710 code [0x000002295ee82880, 0x000002295ee82ad0]
Event: 12.086 Thread 0x0000022972ddb000 4940       1       java.util.Collections$EmptyMap::size (2 bytes)
Event: 12.086 Thread 0x0000022972ddb000 nmethod 4940 0x000002295e95c750 code [0x000002295e95c8a0, 0x000002295e95c9b8]
Event: 12.117 Thread 0x0000022972dd2800 4941       4       com.sun.crypto.provider.GCTR::<init> (65 bytes)
Event: 12.120 Thread 0x0000022972dd2800 nmethod 4941 0x000002295e769490 code [0x000002295e7695e0, 0x000002295e769878]
Event: 12.705 Thread 0x0000022972ddb000 4942       3       com.mysql.cj.result.AbstractNumericValueFactory::<init> (6 bytes)
Event: 12.705 Thread 0x0000022972ddb000 nmethod 4942 0x000002295e96c950 code [0x000002295e96cac0, 0x000002295e96cc50]

GC Heap History (10 events):
Event: 10.670 GC heap after
Heap after GC invocations=29 (full 5):
 PSYoungGen      total 474624K, used 120801K [0x00000000d6500000, 0x00000000fff80000, 0x0000000100000000)
  eden space 353792K, 0% used [0x00000000d6500000,0x00000000d6500000,0x00000000ebe80000)
  from space 120832K, 99% used [0x00000000f4f80000,0x00000000fc5786f0,0x00000000fc580000)
  to   space 148480K, 0% used [0x00000000ebe80000,0x00000000ebe80000,0x00000000f4f80000)
 ParOldGen       total 570880K, used 496148K [0x0000000082e00000, 0x00000000a5b80000, 0x00000000d6500000)
  object space 570880K, 86% used [0x0000000082e00000,0x00000000a1285370,0x00000000a5b80000)
 Metaspace       used 41495K, capacity 42034K, committed 42328K, reserved 1085440K
  class space    used 5351K, capacity 5461K, committed 5504K, reserved 1048576K
}
Event: 10.670 GC heap before
{Heap before GC invocations=30 (full 6):
 PSYoungGen      total 474624K, used 120801K [0x00000000d6500000, 0x00000000fff80000, 0x0000000100000000)
  eden space 353792K, 0% used [0x00000000d6500000,0x00000000d6500000,0x00000000ebe80000)
  from space 120832K, 99% used [0x00000000f4f80000,0x00000000fc5786f0,0x00000000fc580000)
  to   space 148480K, 0% used [0x00000000ebe80000,0x00000000ebe80000,0x00000000f4f80000)
 ParOldGen       total 570880K, used 496148K [0x0000000082e00000, 0x00000000a5b80000, 0x00000000d6500000)
  object space 570880K, 86% used [0x0000000082e00000,0x00000000a1285370,0x00000000a5b80000)
 Metaspace       used 41495K, capacity 42034K, committed 42328K, reserved 1085440K
  class space    used 5351K, capacity 5461K, committed 5504K, reserved 1048576K
Event: 11.184 GC heap after
Heap after GC invocations=30 (full 6):
 PSYoungGen      total 474624K, used 0K [0x00000000d6500000, 0x00000000fff80000, 0x0000000100000000)
  eden space 353792K, 0% used [0x00000000d6500000,0x00000000d6500000,0x00000000ebe80000)
  from space 120832K, 0% used [0x00000000f4f80000,0x00000000f4f80000,0x00000000fc580000)
  to   space 148480K, 0% used [0x00000000ebe80000,0x00000000ebe80000,0x00000000f4f80000)
 ParOldGen       total 553472K, used 294964K [0x0000000082e00000, 0x00000000a4a80000, 0x00000000d6500000)
  object space 553472K, 53% used [0x0000000082e00000,0x0000000094e0d120,0x00000000a4a80000)
 Metaspace       used 41495K, capacity 42034K, committed 42328K, reserved 1085440K
  class space    used 5351K, capacity 5461K, committed 5504K, reserved 1048576K
}
Event: 11.502 GC heap before
{Heap before GC invocations=31 (full 6):
 PSYoungGen      total 474624K, used 353792K [0x00000000d6500000, 0x00000000fff80000, 0x0000000100000000)
  eden space 353792K, 100% used [0x00000000d6500000,0x00000000ebe80000,0x00000000ebe80000)
  from space 120832K, 0% used [0x00000000f4f80000,0x00000000f4f80000,0x00000000fc580000)
  to   space 148480K, 0% used [0x00000000ebe80000,0x00000000ebe80000,0x00000000f4f80000)
 ParOldGen       total 553472K, used 294964K [0x0000000082e00000, 0x00000000a4a80000, 0x00000000d6500000)
  object space 553472K, 53% used [0x0000000082e00000,0x0000000094e0d120,0x00000000a4a80000)
 Metaspace       used 41495K, capacity 42034K, committed 42328K, reserved 1085440K
  class space    used 5351K, capacity 5461K, committed 5504K, reserved 1048576K
Event: 11.547 GC heap after
Heap after GC invocations=31 (full 6):
 PSYoungGen      total 502272K, used 64738K [0x00000000d6500000, 0x0000000100000000, 0x0000000100000000)
  eden space 353792K, 0% used [0x00000000d6500000,0x00000000d6500000,0x00000000ebe80000)
  from space 148480K, 43% used [0x00000000ebe80000,0x00000000efdb8a30,0x00000000f4f80000)
  to   space 143872K, 0% used [0x00000000f7380000,0x00000000f7380000,0x0000000100000000)
 ParOldGen       total 553472K, used 294964K [0x0000000082e00000, 0x00000000a4a80000, 0x00000000d6500000)
  object space 553472K, 53% used [0x0000000082e00000,0x0000000094e0d120,0x00000000a4a80000)
 Metaspace       used 41495K, capacity 42034K, committed 42328K, reserved 1085440K
  class space    used 5351K, capacity 5461K, committed 5504K, reserved 1048576K
}
Event: 11.855 GC heap before
{Heap before GC invocations=32 (full 6):
 PSYoungGen      total 502272K, used 418530K [0x00000000d6500000, 0x0000000100000000, 0x0000000100000000)
  eden space 353792K, 100% used [0x00000000d6500000,0x00000000ebe80000,0x00000000ebe80000)
  from space 148480K, 43% used [0x00000000ebe80000,0x00000000efdb8a30,0x00000000f4f80000)
  to   space 143872K, 0% used [0x00000000f7380000,0x00000000f7380000,0x0000000100000000)
 ParOldGen       total 553472K, used 294964K [0x0000000082e00000, 0x00000000a4a80000, 0x00000000d6500000)
  object space 553472K, 53% used [0x0000000082e00000,0x0000000094e0d120,0x00000000a4a80000)
 Metaspace       used 41495K, capacity 42034K, committed 42328K, reserved 1085440K
  class space    used 5351K, capacity 5461K, committed 5504K, reserved 1048576K
Event: 11.903 GC heap after
Heap after GC invocations=32 (full 6):
 PSYoungGen      total 522752K, used 66978K [0x00000000d6500000, 0x00000000ff480000, 0x0000000100000000)
  eden space 390656K, 0% used [0x00000000d6500000,0x00000000d6500000,0x00000000ee280000)
  from space 132096K, 50% used [0x00000000f7380000,0x00000000fb4e8a30,0x00000000ff480000)
  to   space 140288K, 0% used [0x00000000ee280000,0x00000000ee280000,0x00000000f6b80000)
 ParOldGen       total 553472K, used 294964K [0x0000000082e00000, 0x00000000a4a80000, 0x00000000d6500000)
  object space 553472K, 53% used [0x0000000082e00000,0x0000000094e0d120,0x00000000a4a80000)
 Metaspace       used 41495K, capacity 42034K, committed 42328K, reserved 1085440K
  class space    used 5351K, capacity 5461K, committed 5504K, reserved 1048576K
}
Event: 12.767 GC heap before
{Heap before GC invocations=33 (full 6):
 PSYoungGen      total 522752K, used 457634K [0x00000000d6500000, 0x00000000ff480000, 0x0000000100000000)
  eden space 390656K, 100% used [0x00000000d6500000,0x00000000ee280000,0x00000000ee280000)
  from space 132096K, 50% used [0x00000000f7380000,0x00000000fb4e8a30,0x00000000ff480000)
  to   space 140288K, 0% used [0x00000000ee280000,0x00000000ee280000,0x00000000f6b80000)
 ParOldGen       total 553472K, used 294964K [0x0000000082e00000, 0x00000000a4a80000, 0x00000000d6500000)
  object space 553472K, 53% used [0x0000000082e00000,0x0000000094e0d120,0x00000000a4a80000)
 Metaspace       used 41505K, capacity 42034K, committed 42328K, reserved 1085440K
  class space    used 5352K, capacity 5461K, committed 5504K, reserved 1048576K
Event: 12.852 GC heap after
Heap after GC invocations=33 (full 6):
 PSYoungGen      total 530944K, used 140285K [0x00000000d6500000, 0x0000000100000000, 0x0000000100000000)
  eden space 390656K, 0% used [0x00000000d6500000,0x00000000d6500000,0x00000000ee280000)
  from space 140288K, 99% used [0x00000000ee280000,0x00000000f6b7f458,0x00000000f6b80000)
  to   space 152064K, 0% used [0x00000000f6b80000,0x00000000f6b80000,0x0000000100000000)
 ParOldGen       total 553472K, used 337628K [0x0000000082e00000, 0x00000000a4a80000, 0x00000000d6500000)
  object space 553472K, 61% used [0x0000000082e00000,0x00000000977b7120,0x00000000a4a80000)
 Metaspace       used 41505K, capacity 42034K, committed 42328K, reserved 1085440K
  class space    used 5352K, capacity 5461K, committed 5504K, reserved 1048576K
}
Event: 13.213 GC heap before
{Heap before GC invocations=34 (full 6):
 PSYoungGen      total 530944K, used 530941K [0x00000000d6500000, 0x0000000100000000, 0x0000000100000000)
  eden space 390656K, 100% used [0x00000000d6500000,0x00000000ee280000,0x00000000ee280000)
  from space 140288K, 99% used [0x00000000ee280000,0x00000000f6b7f458,0x00000000f6b80000)
  to   space 152064K, 0% used [0x00000000f6b80000,0x00000000f6b80000,0x0000000100000000)
 ParOldGen       total 553472K, used 337628K [0x0000000082e00000, 0x00000000a4a80000, 0x00000000d6500000)
  object space 553472K, 61% used [0x0000000082e00000,0x00000000977b7120,0x00000000a4a80000)
 Metaspace       used 41505K, capacity 42034K, committed 42328K, reserved 1085440K
  class space    used 5352K, capacity 5461K, committed 5504K, reserved 1048576K

Deoptimization events (10 events):
Event: 7.860 Thread 0x000002295ccd6000 Uncommon trap: reason=bimorphic action=maybe_recompile pc=0x000002295f48e5b8 method=org.hibernate.type.TypeHelper.deepCopy([Ljava/lang/Object;[Lorg/hibernate/type/Type;[Z[Ljava/lang/Object;Lorg/hibernate/engine/spi/SharedSessionContractImplementor;)V @ 66
Event: 7.860 Thread 0x000002295ccd6000 Uncommon trap: reason=bimorphic action=maybe_recompile pc=0x000002295f5142a8 method=org.hibernate.engine.internal.TwoPhaseLoad.doInitializeEntity(Ljava/lang/Object;Lorg/hibernate/engine/spi/EntityEntry;ZLorg/hibernate/engine/spi/SharedSessionContractImple
Event: 7.860 Thread 0x000002295ccd6000 Uncommon trap: reason=unstable_if action=reinterpret pc=0x000002295e776000 method=sun.reflect.UnsafeObjectFieldAccessorImpl.set(Ljava/lang/Object;Ljava/lang/Object;)V @ 18
Event: 7.860 Thread 0x000002295ccd6000 Uncommon trap: reason=bimorphic action=maybe_recompile pc=0x000002295f48e5b8 method=org.hibernate.type.TypeHelper.deepCopy([Ljava/lang/Object;[Lorg/hibernate/type/Type;[Z[Ljava/lang/Object;Lorg/hibernate/engine/spi/SharedSessionContractImplementor;)V @ 66
Event: 7.860 Thread 0x000002295ccd6000 Uncommon trap: reason=bimorphic action=maybe_recompile pc=0x000002295f5142a8 method=org.hibernate.engine.internal.TwoPhaseLoad.doInitializeEntity(Ljava/lang/Object;Lorg/hibernate/engine/spi/EntityEntry;ZLorg/hibernate/engine/spi/SharedSessionContractImple
Event: 7.860 Thread 0x000002295ccd6000 Uncommon trap: reason=unstable_if action=reinterpret pc=0x000002295f4917f4 method=sun.reflect.UnsafeObjectFieldAccessorImpl.set(Ljava/lang/Object;Ljava/lang/Object;)V @ 18
Event: 7.860 Thread 0x000002295ccd6000 Uncommon trap: reason=bimorphic action=maybe_recompile pc=0x000002295f48e5b8 method=org.hibernate.type.TypeHelper.deepCopy([Ljava/lang/Object;[Lorg/hibernate/type/Type;[Z[Ljava/lang/Object;Lorg/hibernate/engine/spi/SharedSessionContractImplementor;)V @ 66
Event: 9.018 Thread 0x000002295ccd6000 Uncommon trap: reason=predicate action=maybe_recompile pc=0x000002295ef38a88 method=java.util.ArrayList$ArrayListSpliterator.forEachRemaining(Ljava/util/function/Consumer;)V @ 85
Event: 12.080 Thread 0x000002295ccd6000 Uncommon trap: reason=unstable_if action=reinterpret pc=0x000002295e99acf4 method=auditoria.Main.lambda$0(Ljava/lang/String;Ljava/lang/String;Ljava/lang/String;Ljava/lang/String;Lcom/zeta/auditoria/HistoricoItemModel;)Z @ 9
Event: 12.080 Thread 0x000002295ccd6000 Uncommon trap: reason=unstable_if action=reinterpret pc=0x000002295e998690 method=auditoria.Main.lambda$0(Ljava/lang/String;Ljava/lang/String;Ljava/lang/String;Ljava/lang/String;Lcom/zeta/auditoria/HistoricoItemModel;)Z @ 9

Classes redefined (0 events):
No events

Internal exceptions (10 events):
Event: 1.761 Thread 0x0000022974f2a800 Implicit null exception at 0x000002295ec82d5d to 0x000002295ec82ea1
Event: 1.761 Thread 0x0000022974f2d800 Implicit null exception at 0x000002295ec82d5d to 0x000002295ec82ea1
Event: 1.761 Thread 0x0000022974f2b000 Implicit null exception at 0x000002295ec82d5d to 0x000002295ec82ea1
Event: 1.969 Thread 0x000002295ccd6000 Exception <a 'java/lang/ArrayIndexOutOfBoundsException': 47> (0x00000000d73964c0) thrown at [C:\jenkins\workspace\8-2-build-windows-amd64-cygwin\jdk8u271\605\hotspot\src\share\vm\interpreter\interpreterRuntime.cpp, line 371]
Event: 1.969 Thread 0x000002295ccd6000 Exception <a 'java/lang/ArrayIndexOutOfBoundsException': 48> (0x00000000d73a03b0) thrown at [C:\jenkins\workspace\8-2-build-windows-amd64-cygwin\jdk8u271\605\hotspot\src\share\vm\interpreter\interpreterRuntime.cpp, line 371]
Event: 5.633 Thread 0x000002295ccd6000 Implicit null exception at 0x000002295f5063cb to 0x000002295f506865
Event: 7.860 Thread 0x000002295ccd6000 Implicit null exception at 0x000002295f4882b6 to 0x000002295f488a9d
Event: 7.860 Thread 0x000002295ccd6000 Implicit null exception at 0x000002295f486d64 to 0x000002295f487281
Event: 7.860 Thread 0x000002295ccd6000 Implicit null exception at 0x000002295e775b57 to 0x000002295e775fed
Event: 7.860 Thread 0x000002295ccd6000 Implicit null exception at 0x000002295f491656 to 0x000002295f4917dd

Events (10 events):
Event: 12.080 Thread 0x000002295ccd6000 DEOPT PACKING pc=0x000002295e99acf4 sp=0x000000f93fdff1f0
Event: 12.080 Thread 0x000002295ccd6000 DEOPT UNPACKING pc=0x000002295e685843 sp=0x000000f93fdff120 mode 2
Event: 12.080 Thread 0x000002295ccd6000 Uncommon trap: trap_request=0xffffff65 fr.pc=0x000002295e998690
Event: 12.080 Thread 0x000002295ccd6000 DEOPT PACKING pc=0x000002295e998690 sp=0x000000f93fdff190
Event: 12.080 Thread 0x000002295ccd6000 DEOPT UNPACKING pc=0x000002295e685843 sp=0x000000f93fdff130 mode 2
Event: 12.085 loading class java/time/Month
Event: 12.085 loading class java/time/Month done
Event: 12.767 Executing VM operation: ParallelGCFailedAllocation
Event: 12.852 Executing VM operation: ParallelGCFailedAllocation done
Event: 13.213 Executing VM operation: ParallelGCFailedAllocation


Dynamic libraries:
0x00007ff6ffa30000 - 0x00007ff6ffa77000 	C:\Program Files\Java\jdk1.8.0_271\bin\javaw.exe
0x00007ffbdc470000 - 0x00007ffbdc684000 	C:\WINDOWS\SYSTEM32\ntdll.dll
0x00007ffbdb200000 - 0x00007ffbdb2c3000 	C:\WINDOWS\System32\KERNEL32.DLL
0x00007ffbd9c80000 - 0x00007ffbda01c000 	C:\WINDOWS\System32\KERNELBASE.dll
0x00007ffbdb0c0000 - 0x00007ffbdb16e000 	C:\WINDOWS\System32\ADVAPI32.dll
0x00007ffbdb010000 - 0x00007ffbdb0b7000 	C:\WINDOWS\System32\msvcrt.dll
0x00007ffbdade0000 - 0x00007ffbdae84000 	C:\WINDOWS\System32\sechost.dll
0x00007ffbdae90000 - 0x00007ffbdafa5000 	C:\WINDOWS\System32\RPCRT4.dll
0x00007ffbda280000 - 0x00007ffbda42d000 	C:\WINDOWS\System32\USER32.dll
0x00007ffbd9a90000 - 0x00007ffbd9ab6000 	C:\WINDOWS\System32\win32u.dll
0x00007ffbdbb00000 - 0x00007ffbdbb29000 	C:\WINDOWS\System32\GDI32.dll
0x00007ffbda160000 - 0x00007ffbda273000 	C:\WINDOWS\System32\gdi32full.dll
0x00007ffbd9ac0000 - 0x00007ffbd9b5a000 	C:\WINDOWS\System32\msvcp_win.dll
0x00007ffbd9b60000 - 0x00007ffbd9c71000 	C:\WINDOWS\System32\ucrtbase.dll
0x00007ffbc0fb0000 - 0x00007ffbc123e000 	C:\WINDOWS\WinSxS\amd64_microsoft.windows.common-controls_6595b64144ccf1df_6.0.22621.608_none_a9444ca7c10bb01d\COMCTL32.dll
0x00007ffbda520000 - 0x00007ffbda551000 	C:\WINDOWS\System32\IMM32.DLL
0x00007ffbd31c0000 - 0x00007ffbd31d5000 	C:\Program Files\Java\jdk1.8.0_271\jre\bin\vcruntime140.dll
0x00007ffb91640000 - 0x00007ffb916db000 	C:\Program Files\Java\jdk1.8.0_271\jre\bin\msvcp140.dll
0x00000000723f0000 - 0x0000000072c5f000 	C:\Program Files\Java\jdk1.8.0_271\jre\bin\server\jvm.dll
0x00007ffbda560000 - 0x00007ffbda568000 	C:\WINDOWS\System32\PSAPI.DLL
0x00007ffbd3cb0000 - 0x00007ffbd3cba000 	C:\WINDOWS\SYSTEM32\VERSION.dll
0x00007ffbd23c0000 - 0x00007ffbd23f4000 	C:\WINDOWS\SYSTEM32\WINMM.dll
0x00007ffbc52d0000 - 0x00007ffbc52d9000 	C:\WINDOWS\SYSTEM32\WSOCK32.dll
0x00007ffbda4a0000 - 0x00007ffbda511000 	C:\WINDOWS\System32\WS2_32.dll
0x00007ffbd89b0000 - 0x00007ffbd89c8000 	C:\WINDOWS\SYSTEM32\kernel.appcore.dll
0x00007ffbd2450000 - 0x00007ffbd2460000 	C:\Program Files\Java\jdk1.8.0_271\jre\bin\verify.dll
0x00007ffbbabc0000 - 0x00007ffbbabeb000 	C:\Program Files\Java\jdk1.8.0_271\jre\bin\java.dll
0x00007ffbb83e0000 - 0x00007ffbb83f8000 	C:\Program Files\Java\jdk1.8.0_271\jre\bin\zip.dll
0x00007ffbda570000 - 0x00007ffbdad60000 	C:\WINDOWS\System32\SHELL32.dll
0x00007ffbd7880000 - 0x00007ffbd814e000 	C:\WINDOWS\SYSTEM32\windows.storage.dll
0x00007ffbdb390000 - 0x00007ffbdb719000 	C:\WINDOWS\System32\combase.dll
0x00007ffbd7740000 - 0x00007ffbd787e000 	C:\WINDOWS\SYSTEM32\wintypes.dll
0x00007ffbdba00000 - 0x00007ffbdbaf1000 	C:\WINDOWS\System32\SHCORE.dll
0x00007ffbda440000 - 0x00007ffbda49e000 	C:\WINDOWS\System32\shlwapi.dll
0x00007ffbd97e0000 - 0x00007ffbd9801000 	C:\WINDOWS\SYSTEM32\profapi.dll
0x00007ffbd90b0000 - 0x00007ffbd90cb000 	C:\WINDOWS\SYSTEM32\CRYPTSP.dll
0x00007ffbd8920000 - 0x00007ffbd8955000 	C:\WINDOWS\system32\rsaenh.dll
0x00007ffbd8ef0000 - 0x00007ffbd8f18000 	C:\WINDOWS\SYSTEM32\USERENV.dll
0x00007ffbd9280000 - 0x00007ffbd92a8000 	C:\WINDOWS\SYSTEM32\bcrypt.dll
0x00007ffbda020000 - 0x00007ffbda09b000 	C:\WINDOWS\System32\bcryptprimitives.dll
0x00007ffbd90a0000 - 0x00007ffbd90ac000 	C:\WINDOWS\SYSTEM32\CRYPTBASE.dll
0x00007ffbb83c0000 - 0x00007ffbb83dc000 	C:\Program Files\Java\jdk1.8.0_271\jre\bin\net.dll
0x00007ffbd8e20000 - 0x00007ffbd8e89000 	C:\WINDOWS\system32\mswsock.dll
0x00007ffbd8450000 - 0x00007ffbd847d000 	C:\WINDOWS\SYSTEM32\IPHLPAPI.DLL
0x00007ffbda430000 - 0x00007ffbda439000 	C:\WINDOWS\System32\NSI.dll
0x00007ffbd27c0000 - 0x00007ffbd27d9000 	C:\WINDOWS\SYSTEM32\dhcpcsvc6.DLL
0x00007ffbd22d0000 - 0x00007ffbd22ef000 	C:\WINDOWS\SYSTEM32\dhcpcsvc.DLL
0x00007ffbd84d0000 - 0x00007ffbd85c3000 	C:\WINDOWS\SYSTEM32\DNSAPI.dll
0x00007ffbb83a0000 - 0x00007ffbb83b3000 	C:\Program Files\Java\jdk1.8.0_271\jre\bin\nio.dll
0x00007ffbc0100000 - 0x00007ffbc0117000 	C:\WINDOWS\system32\napinsp.dll
0x00007ffbc00e0000 - 0x00007ffbc00fb000 	C:\WINDOWS\system32\pnrpnsp.dll
0x00007ffbbf070000 - 0x00007ffbbf081000 	C:\WINDOWS\System32\winrnr.dll
0x00007ffbd19f0000 - 0x00007ffbd1a05000 	C:\WINDOWS\system32\wshbth.dll
0x00007ffbbefa0000 - 0x00007ffbbefc1000 	C:\WINDOWS\system32\nlansp_c.dll
0x00007ffbd0bc0000 - 0x00007ffbd0bca000 	C:\Windows\System32\rasadhlp.dll
0x00007ffbd1840000 - 0x00007ffbd18c3000 	C:\WINDOWS\System32\fwpuclnt.dll
0x00007ffbbc970000 - 0x00007ffbbc97d000 	C:\Program Files\Java\jdk1.8.0_271\jre\bin\management.dll
0x00007ffbb80f0000 - 0x00007ffbb8114000 	C:\Program Files\Java\jdk1.8.0_271\jre\bin\sunec.dll
0x00007ffbbabb0000 - 0x00007ffbbabbd000 	C:\Program Files\Java\jdk1.8.0_271\jre\bin\sunmscapi.dll
0x00007ffbd9920000 - 0x00007ffbd9a86000 	C:\WINDOWS\System32\CRYPT32.dll
0x00007ffbd9250000 - 0x00007ffbd927d000 	C:\WINDOWS\SYSTEM32\ncrypt.dll
0x00007ffbd9210000 - 0x00007ffbd9247000 	C:\WINDOWS\SYSTEM32\NTASN1.dll
0x00007ffbd4840000 - 0x00007ffbd4a6e000 	C:\WINDOWS\SYSTEM32\dbghelp.dll
0x00007ffbdbb30000 - 0x00007ffbdbc07000 	C:\WINDOWS\System32\OLEAUT32.dll

VM Arguments:
jvm_args: -Dfile.encoding=Cp1252 
java_command: auditoria.Main
java_class_path (initial): E:\eclipse-2021-09-workspace-alura\versaozeta-jpa\target\test-classes;E:\eclipse-2021-09-workspace-alura\versaozeta-jpa\target\classes;C:\Users\chico\OneDrive\Área de Trabalho\consumir-cnpj-endereco.jar;C:\Users\chico\Downloads\gson-2.8.5.jar;C:\Users\chico\OneDrive\Área de Trabalho\parse_xml.jar;C:\Users\chico\OneDrive\Área de Trabalho\modulos_sped.jar;C:\Users\chico\.m2\repository\org\hibernate\hibernate-core\5.4.2.Final\hibernate-core-5.4.2.Final.jar;C:\Users\chico\.m2\repository\org\jboss\logging\jboss-logging\3.3.2.Final\jboss-logging-3.3.2.Final.jar;C:\Users\chico\.m2\repository\javax\persistence\javax.persistence-api\2.2\javax.persistence-api-2.2.jar;C:\Users\chico\.m2\repository\org\javassist\javassist\3.24.0-GA\javassist-3.24.0-GA.jar;C:\Users\chico\.m2\repository\net\bytebuddy\byte-buddy\1.9.10\byte-buddy-1.9.10.jar;C:\Users\chico\.m2\repository\antlr\antlr\2.7.7\antlr-2.7.7.jar;C:\Users\chico\.m2\repository\org\jboss\spec\javax\transaction\jboss-transaction-api_1.2_spec\1.1.1.Final\jboss-transaction-api_1.2_spec-1.1.1.Final.jar;C:\Users\chico\.m2\repository\org\jboss\jandex\2.0.5.Final\jandex-2.0.5.Final.jar;C:\Users\chico\.m2\repository\com\fasterxml\classmate\1.3.4\classmate-1.3.4.jar;C:\Users\chico\.m2\repository\javax\activation\javax.activation-api\1.2.0\javax.activation-api-1.2.0.jar;C:\Users\chico\.m2\repository\org\dom4j\dom4j\2.1.1\dom4j-2.1.1.jar;C:\Users\chico\.m2\repository\org\hibernate\common\hibernate-commons-annotations\5.1.0.Final\hibernate-commons-annotations-5.1.0.Final.jar;C:\Users\chico\.m2\repository\javax\xml\bind\jaxb-api\2.3.1\jaxb-api-2.3.1.jar;C:\Users\chico\.m2\repository\org\glassfish\jaxb\jaxb-runtime\2.3.1\jaxb-runtime-2.3.1.jar;C:\Users\chico\.m2\repository\org\glassfish\jaxb\txw2\2.3.1\txw2-2.3.1.jar;C:\Users\chico\.m2\repository\com\sun\istack\istack-commons-runtime\3.0.7\istack-commons-runtime-3.0.7.jar;C:\Users\chico\.m2\repository\org\jvnet\staxex\stax-ex\1.8\stax-ex-1.8.jar;C:\Users\chico\
Launcher Type: SUN_STANDARD

Environment Variables:
PATH=C:/Users/chico/eclipse/jee-2021-09/eclipse//plugins/org.eclipse.justj.openjdk.hotspot.jre.full.win32.x86_64_16.0.2.v20210721-1149/jre/bin/server;C:/Users/chico/eclipse/jee-2021-09/eclipse//plugins/org.eclipse.justj.openjdk.hotspot.jre.full.win32.x86_64_16.0.2.v20210721-1149/jre/bin;C:\Program Files (x86)\Common Files\Oracle\Java\javapath;C:\windows\system32;C:\windows;C:\windows\System32\Wbem;C:\windows\System32\WindowsPowerShell\v1.0\;C:\windows\System32\OpenSSH\;C:\Program Files (x86)\NVIDIA Corporation\PhysX\Common;C:\Program Files\NVIDIA Corporation\NVIDIA NvDLISR;C:\Program Files\Java\jdk1.8.0_271\bin;C:\Program Files\Git\cmd;C:\Program Files\nodejs\;C:\MinGW\bin;C:\Program Files\MongoDB\Server\4.4\bin;;C:\WINDOWS\system32;C:\WINDOWS;C:\WINDOWS\System32\Wbem;C:\WINDOWS\System32\WindowsPowerShell\v1.0\;C:\WINDOWS\System32\OpenSSH\;C:\Program Files\Docker\Docker\resources\bin;C:\ProgramData\DockerDesktop\version-bin;C:\Users\chico\AppData\Local\Microsoft\WindowsApps;C:\Users\chico\AppData\Local\Programs\Microsoft VS Code\bin;C:\Users\chico\AppData\Roaming\npm;E:\apache-maven-3.8.6\bin;;C:\Users\chico\eclipse\jee-2021-09\eclipse;
USERNAME=chico
OS=Windows_NT
PROCESSOR_IDENTIFIER=Intel64 Family 6 Model 166 Stepping 0, GenuineIntel



---------------  S Y S T E M  ---------------

OS: Windows 10.0 , 64 bit Build 22621 (10.0.22621.1344)

CPU:total 8 (initial active 8) (4 cores per cpu, 2 threads per core) family 6 model 166 stepping 0, cmov, cx8, fxsr, mmx, sse, sse2, sse3, ssse3, sse4.1, sse4.2, popcnt, avx, avx2, aes, clmul, erms, 3dnowpref, lzcnt, ht, tsc, tscinvbit, bmi1, bmi2, adx

Memory: 4k page, physical 8198764k(1017364k free), swap 18592000k(8699400k free)

vm_info: Java HotSpot(TM) 64-Bit Server VM (25.271-b09) for windows-amd64 JRE (1.8.0_271-b09), built on Sep 16 2020 19:14:59 by "" with MS VC++ 15.9 (VS2017)

time: Sun Apr  9 18:37:57 2023
timezone: Hora Padrão de Buenos Aires
elapsed time: 13.266114 seconds (0d 0h 0m 13s)

